<?xml version="1.0" encoding="UTF-8"?>
<coverage generated="1769007111612" clover="3.2.0">
  <project timestamp="1769007111612" name="All files">
    <metrics statements="98" coveredstatements="98" conditionals="65" coveredconditionals="41" methods="15" coveredmethods="15" elements="178" coveredelements="154" complexity="0" loc="98" ncloc="98" packages="1" files="10" classes="10"/>
    <file name="assign-permissions.command.ts" path="/home/kardasch/Desktop/gamingzone-auth/src/application/use-cases/commands/assign-permissions.command.ts">
      <metrics statements="3" coveredstatements="3" conditionals="0" coveredconditionals="0" methods="1" coveredmethods="1"/>
      <line num="1" count="1" type="stmt"/>
      <line num="3" count="4" type="stmt"/>
      <line num="4" count="4" type="stmt"/>
    </file>
    <file name="assign-permissions.use-case.ts" path="/home/kardasch/Desktop/gamingzone-auth/src/application/use-cases/commands/assign-permissions.use-case.ts">
      <metrics statements="15" coveredstatements="15" conditionals="14" coveredconditionals="8" methods="2" coveredmethods="2"/>
      <line num="1" count="1" type="stmt"/>
      <line num="3" count="1" type="stmt"/>
      <line num="4" count="1" type="stmt"/>
      <line num="5" count="1" type="stmt"/>
      <line num="6" count="1" type="stmt"/>
      <line num="7" count="1" type="stmt"/>
      <line num="10" count="1" type="stmt"/>
      <line num="12" count="4" type="cond" truecount="4" falsecount="4"/>
      <line num="13" count="4" type="cond" truecount="2" falsecount="2"/>
      <line num="14" count="4" type="stmt"/>
      <line num="18" count="4" type="stmt"/>
      <line num="19" count="4" type="cond" truecount="2" falsecount="0"/>
      <line num="20" count="1" type="stmt"/>
      <line num="23" count="3" type="stmt"/>
      <line num="27" count="3" type="stmt"/>
    </file>
    <file name="create-role.command.ts" path="/home/kardasch/Desktop/gamingzone-auth/src/application/use-cases/commands/create-role.command.ts">
      <metrics statements="4" coveredstatements="4" conditionals="1" coveredconditionals="1" methods="1" coveredmethods="1"/>
      <line num="1" count="1" type="stmt"/>
      <line num="3" count="3" type="stmt"/>
      <line num="4" count="3" type="stmt"/>
      <line num="5" count="3" type="cond" truecount="1" falsecount="0"/>
    </file>
    <file name="create-role.use-case.ts" path="/home/kardasch/Desktop/gamingzone-auth/src/application/use-cases/commands/create-role.use-case.ts">
      <metrics statements="14" coveredstatements="14" conditionals="8" coveredconditionals="4" methods="2" coveredmethods="2"/>
      <line num="1" count="1" type="stmt"/>
      <line num="3" count="1" type="stmt"/>
      <line num="4" count="1" type="stmt"/>
      <line num="5" count="1" type="stmt"/>
      <line num="6" count="1" type="stmt"/>
      <line num="7" count="1" type="stmt"/>
      <line num="8" count="1" type="stmt"/>
      <line num="11" count="1" type="stmt"/>
      <line num="13" count="3" type="cond" truecount="4" falsecount="4"/>
      <line num="14" count="3" type="stmt"/>
      <line num="18" count="3" type="stmt"/>
      <line num="25" count="3" type="stmt"/>
      <line num="26" count="3" type="stmt"/>
      <line num="28" count="3" type="stmt"/>
    </file>
    <file name="delete-role.command.ts" path="/home/kardasch/Desktop/gamingzone-auth/src/application/use-cases/commands/delete-role.command.ts">
      <metrics statements="2" coveredstatements="2" conditionals="0" coveredconditionals="0" methods="1" coveredmethods="1"/>
      <line num="1" count="1" type="stmt"/>
      <line num="2" count="4" type="stmt"/>
    </file>
    <file name="delete-role.use-case.ts" path="/home/kardasch/Desktop/gamingzone-auth/src/application/use-cases/commands/delete-role.use-case.ts">
      <metrics statements="16" coveredstatements="16" conditionals="12" coveredconditionals="8" methods="2" coveredmethods="2"/>
      <line num="1" count="1" type="stmt"/>
      <line num="3" count="1" type="stmt"/>
      <line num="4" count="1" type="stmt"/>
      <line num="5" count="1" type="stmt"/>
      <line num="6" count="1" type="stmt"/>
      <line num="7" count="1" type="stmt"/>
      <line num="10" count="1" type="stmt"/>
      <line num="12" count="4" type="cond" truecount="4" falsecount="4"/>
      <line num="13" count="4" type="stmt"/>
      <line num="17" count="4" type="stmt"/>
      <line num="18" count="4" type="cond" truecount="2" falsecount="0"/>
      <line num="19" count="1" type="stmt"/>
      <line num="22" count="3" type="cond" truecount="2" falsecount="0"/>
      <line num="23" count="1" type="stmt"/>
      <line num="26" count="2" type="stmt"/>
      <line num="27" count="2" type="stmt"/>
    </file>
    <file name="remove-permissions.command.ts" path="/home/kardasch/Desktop/gamingzone-auth/src/application/use-cases/commands/remove-permissions.command.ts">
      <metrics statements="3" coveredstatements="3" conditionals="0" coveredconditionals="0" methods="1" coveredmethods="1"/>
      <line num="1" count="1" type="stmt"/>
      <line num="3" count="5" type="stmt"/>
      <line num="4" count="5" type="stmt"/>
    </file>
    <file name="remove-permissions.use-case.ts" path="/home/kardasch/Desktop/gamingzone-auth/src/application/use-cases/commands/remove-permissions.use-case.ts">
      <metrics statements="15" coveredstatements="15" conditionals="14" coveredconditionals="8" methods="2" coveredmethods="2"/>
      <line num="1" count="1" type="stmt"/>
      <line num="3" count="1" type="stmt"/>
      <line num="4" count="1" type="stmt"/>
      <line num="5" count="1" type="stmt"/>
      <line num="6" count="1" type="stmt"/>
      <line num="7" count="1" type="stmt"/>
      <line num="10" count="1" type="stmt"/>
      <line num="12" count="5" type="cond" truecount="4" falsecount="4"/>
      <line num="13" count="5" type="cond" truecount="2" falsecount="2"/>
      <line num="14" count="5" type="stmt"/>
      <line num="18" count="5" type="stmt"/>
      <line num="19" count="5" type="cond" truecount="2" falsecount="0"/>
      <line num="20" count="1" type="stmt"/>
      <line num="23" count="4" type="stmt"/>
      <line num="27" count="4" type="stmt"/>
    </file>
    <file name="update-role.command.ts" path="/home/kardasch/Desktop/gamingzone-auth/src/application/use-cases/commands/update-role.command.ts">
      <metrics statements="4" coveredstatements="4" conditionals="0" coveredconditionals="0" methods="1" coveredmethods="1"/>
      <line num="1" count="1" type="stmt"/>
      <line num="3" count="5" type="stmt"/>
      <line num="4" count="5" type="stmt"/>
      <line num="5" count="5" type="stmt"/>
    </file>
    <file name="update-role.use-case.ts" path="/home/kardasch/Desktop/gamingzone-auth/src/application/use-cases/commands/update-role.use-case.ts">
      <metrics statements="22" coveredstatements="22" conditionals="16" coveredconditionals="12" methods="2" coveredmethods="2"/>
      <line num="1" count="1" type="stmt"/>
      <line num="3" count="1" type="stmt"/>
      <line num="4" count="1" type="stmt"/>
      <line num="5" count="1" type="stmt"/>
      <line num="6" count="1" type="stmt"/>
      <line num="7" count="1" type="stmt"/>
      <line num="8" count="1" type="stmt"/>
      <line num="11" count="1" type="stmt"/>
      <line num="13" count="5" type="cond" truecount="4" falsecount="4"/>
      <line num="14" count="5" type="stmt"/>
      <line num="18" count="5" type="stmt"/>
      <line num="19" count="5" type="cond" truecount="2" falsecount="0"/>
      <line num="20" count="1" type="stmt"/>
      <line num="23" count="4" type="cond" truecount="2" falsecount="0"/>
      <line num="24" count="1" type="stmt"/>
      <line num="27" count="3" type="stmt"/>
      <line num="28" count="3" type="cond" truecount="2" falsecount="0"/>
      <line num="29" count="3" type="cond" truecount="2" falsecount="0"/>
      <line num="31" count="3" type="stmt"/>
      <line num="32" count="3" type="stmt"/>
      <line num="33" count="3" type="stmt"/>
      <line num="35" count="3" type="stmt"/>
    </file>
  </project>
</coverage>
