{"/home/kardasch/Desktop/gamingzone-auth/src/application/use-cases/commands/assign-permissions.command.ts": {"path":"/home/kardasch/Desktop/gamingzone-auth/src/application/use-cases/commands/assign-permissions.command.ts","statementMap":{"0":{"start":{"line":3,"column":20},"end":{"line":3,"column":34}},"1":{"start":{"line":4,"column":20},"end":{"line":4,"column":43}},"2":{"start":{"line":1,"column":0},"end":{"line":1,"column":13}}},"fnMap":{"0":{"name":"(anonymous_0)","decl":{"start":{"line":2,"column":2},"end":{"line":2,"column":null}},"loc":{"start":{"line":4,"column":43},"end":{"line":5,"column":6}}}},"branchMap":{},"s":{"0":4,"1":4,"2":1},"f":{"0":4},"b":{}}
,"/home/kardasch/Desktop/gamingzone-auth/src/application/use-cases/commands/assign-permissions.use-case.ts": {"path":"/home/kardasch/Desktop/gamingzone-auth/src/application/use-cases/commands/assign-permissions.use-case.ts","statementMap":{"0":{"start":{"line":1,"column":0},"end":{"line":1,"column":44}},"1":{"start":{"line":3,"column":0},"end":{"line":3,"column":87}},"2":{"start":{"line":4,"column":0},"end":{"line":4,"column":108}},"3":{"start":{"line":5,"column":0},"end":{"line":5,"column":75}},"4":{"start":{"line":6,"column":0},"end":{"line":6,"column":92}},"5":{"start":{"line":7,"column":0},"end":{"line":7,"column":93}},"6":{"start":{"line":10,"column":7},"end":{"line":29,"column":null}},"7":{"start":{"line":12,"column":21},"end":{"line":12,"column":37}},"8":{"start":{"line":13,"column":21},"end":{"line":13,"column":47}},"9":{"start":{"line":14,"column":21},"end":{"line":14,"column":31}},"10":{"start":{"line":18,"column":17},"end":{"line":18,"column":67}},"11":{"start":{"line":19,"column":4},"end":{"line":21,"column":5}},"12":{"start":{"line":20,"column":6},"end":{"line":20,"column":54}},"13":{"start":{"line":23,"column":4},"end":{"line":26,"column":6}},"14":{"start":{"line":27,"column":4},"end":{"line":27,"column":101}},"15":{"start":{"line":10,"column":13},"end":{"line":10,"column":37}},"16":{"start":{"line":10,"column":13},"end":{"line":29,"column":null}}},"fnMap":{"0":{"name":"(anonymous_2)","decl":{"start":{"line":11,"column":2},"end":{"line":11,"column":null}},"loc":{"start":{"line":14,"column":40},"end":{"line":15,"column":6}}},"1":{"name":"(anonymous_3)","decl":{"start":{"line":17,"column":2},"end":{"line":17,"column":7}},"loc":{"start":{"line":17,"column":49},"end":{"line":28,"column":3}}}},"branchMap":{"0":{"loc":{"start":{"line":19,"column":4},"end":{"line":21,"column":5}},"type":"if","locations":[{"start":{"line":19,"column":4},"end":{"line":21,"column":5}},{"start":{},"end":{}}]},"1":{"loc":{"start":{"line":12,"column":37},"end":{"line":12,"column":null}},"type":"cond-expr","locations":[{"start":{"line":12,"column":52},"end":{"line":12,"column":null}},{"start":{"line":12,"column":52},"end":{"line":12,"column":null}}]},"2":{"loc":{"start":{"line":12,"column":37},"end":{"line":12,"column":52}},"type":"binary-expr","locations":[{"start":{"line":12,"column":37},"end":{"line":12,"column":null}},{"start":{"line":12,"column":37},"end":{"line":12,"column":52}}]},"3":{"loc":{"start":{"line":12,"column":52},"end":{"line":13,"column":null}},"type":"cond-expr","locations":[{"start":{"line":13,"column":72},"end":{"line":13,"column":null}},{"start":{"line":13,"column":72},"end":{"line":13,"column":null}}]},"4":{"loc":{"start":{"line":12,"column":52},"end":{"line":13,"column":72}},"type":"binary-expr","locations":[{"start":{"line":12,"column":52},"end":{"line":13,"column":null}},{"start":{"line":13,"column":47},"end":{"line":13,"column":72}}]},"5":{"loc":{"start":{"line":13,"column":72},"end":{"line":14,"column":null}},"type":"cond-expr","locations":[{"start":{"line":14,"column":40},"end":{"line":14,"column":null}},{"start":{"line":14,"column":40},"end":{"line":14,"column":null}}]},"6":{"loc":{"start":{"line":13,"column":72},"end":{"line":14,"column":40}},"type":"binary-expr","locations":[{"start":{"line":13,"column":72},"end":{"line":14,"column":null}},{"start":{"line":14,"column":31},"end":{"line":14,"column":40}}]}},"s":{"0":1,"1":1,"2":1,"3":1,"4":1,"5":1,"6":1,"7":4,"8":4,"9":4,"10":4,"11":4,"12":1,"13":3,"14":3,"15":1,"16":1},"f":{"0":4,"1":4},"b":{"0":[1,3],"1":[0,1],"2":[1,0],"3":[0,1],"4":[1,0],"5":[0,1],"6":[1,0]}}
,"/home/kardasch/Desktop/gamingzone-auth/src/application/use-cases/commands/create-role.command.ts": {"path":"/home/kardasch/Desktop/gamingzone-auth/src/application/use-cases/commands/create-role.command.ts","statementMap":{"0":{"start":{"line":3,"column":20},"end":{"line":3,"column":32}},"1":{"start":{"line":4,"column":20},"end":{"line":4,"column":40}},"2":{"start":{"line":5,"column":20},"end":{"line":5,"column":40}},"3":{"start":{"line":1,"column":0},"end":{"line":1,"column":13}}},"fnMap":{"0":{"name":"(anonymous_0)","decl":{"start":{"line":2,"column":2},"end":{"line":2,"column":null}},"loc":{"start":{"line":5,"column":45},"end":{"line":6,"column":6}}}},"branchMap":{"0":{"loc":{"start":{"line":5,"column":20},"end":{"line":5,"column":45}},"type":"default-arg","locations":[{"start":{"line":5,"column":40},"end":{"line":5,"column":45}}]}},"s":{"0":3,"1":3,"2":3,"3":1},"f":{"0":3},"b":{"0":[1]}}
,"/home/kardasch/Desktop/gamingzone-auth/src/application/use-cases/commands/create-role.use-case.ts": {"path":"/home/kardasch/Desktop/gamingzone-auth/src/application/use-cases/commands/create-role.use-case.ts","statementMap":{"0":{"start":{"line":1,"column":0},"end":{"line":1,"column":44}},"1":{"start":{"line":3,"column":0},"end":{"line":3,"column":71}},"2":{"start":{"line":4,"column":0},"end":{"line":4,"column":87}},"3":{"start":{"line":5,"column":0},"end":{"line":5,"column":75}},"4":{"start":{"line":6,"column":0},"end":{"line":6,"column":60}},"5":{"start":{"line":7,"column":0},"end":{"line":7,"column":77}},"6":{"start":{"line":8,"column":0},"end":{"line":8,"column":61}},"7":{"start":{"line":11,"column":7},"end":{"line":30,"column":null}},"8":{"start":{"line":13,"column":21},"end":{"line":13,"column":37}},"9":{"start":{"line":14,"column":21},"end":{"line":14,"column":31}},"10":{"start":{"line":18,"column":17},"end":{"line":22,"column":null}},"11":{"start":{"line":25,"column":4},"end":{"line":25,"column":41}},"12":{"start":{"line":26,"column":4},"end":{"line":26,"column":89}},"13":{"start":{"line":28,"column":4},"end":{"line":28,"column":44}},"14":{"start":{"line":11,"column":13},"end":{"line":11,"column":30}},"15":{"start":{"line":11,"column":13},"end":{"line":30,"column":null}}},"fnMap":{"0":{"name":"(anonymous_2)","decl":{"start":{"line":12,"column":2},"end":{"line":12,"column":null}},"loc":{"start":{"line":14,"column":40},"end":{"line":15,"column":6}}},"1":{"name":"(anonymous_3)","decl":{"start":{"line":17,"column":2},"end":{"line":17,"column":7}},"loc":{"start":{"line":17,"column":42},"end":{"line":29,"column":3}}}},"branchMap":{"0":{"loc":{"start":{"line":13,"column":37},"end":{"line":13,"column":null}},"type":"cond-expr","locations":[{"start":{"line":13,"column":52},"end":{"line":13,"column":null}},{"start":{"line":13,"column":52},"end":{"line":13,"column":null}}]},"1":{"loc":{"start":{"line":13,"column":37},"end":{"line":13,"column":52}},"type":"binary-expr","locations":[{"start":{"line":13,"column":37},"end":{"line":13,"column":null}},{"start":{"line":13,"column":37},"end":{"line":13,"column":52}}]},"2":{"loc":{"start":{"line":13,"column":52},"end":{"line":14,"column":null}},"type":"cond-expr","locations":[{"start":{"line":14,"column":40},"end":{"line":14,"column":null}},{"start":{"line":14,"column":40},"end":{"line":14,"column":null}}]},"3":{"loc":{"start":{"line":13,"column":52},"end":{"line":14,"column":40}},"type":"binary-expr","locations":[{"start":{"line":13,"column":52},"end":{"line":14,"column":null}},{"start":{"line":14,"column":31},"end":{"line":14,"column":40}}]}},"s":{"0":1,"1":1,"2":1,"3":1,"4":1,"5":1,"6":1,"7":1,"8":3,"9":3,"10":3,"11":3,"12":3,"13":3,"14":1,"15":1},"f":{"0":3,"1":3},"b":{"0":[0,1],"1":[1,0],"2":[0,1],"3":[1,0]}}
,"/home/kardasch/Desktop/gamingzone-auth/src/application/use-cases/commands/delete-role.command.ts": {"path":"/home/kardasch/Desktop/gamingzone-auth/src/application/use-cases/commands/delete-role.command.ts","statementMap":{"0":{"start":{"line":2,"column":30},"end":{"line":2,"column":44}},"1":{"start":{"line":1,"column":0},"end":{"line":1,"column":13}}},"fnMap":{"0":{"name":"(anonymous_0)","decl":{"start":{"line":2,"column":2},"end":{"line":2,"column":30}},"loc":{"start":{"line":2,"column":44},"end":{"line":2,"column":48}}}},"branchMap":{},"s":{"0":4,"1":1},"f":{"0":4},"b":{}}
,"/home/kardasch/Desktop/gamingzone-auth/src/application/use-cases/commands/delete-role.use-case.ts": {"path":"/home/kardasch/Desktop/gamingzone-auth/src/application/use-cases/commands/delete-role.use-case.ts","statementMap":{"0":{"start":{"line":1,"column":0},"end":{"line":1,"column":44}},"1":{"start":{"line":3,"column":0},"end":{"line":3,"column":87}},"2":{"start":{"line":4,"column":0},"end":{"line":4,"column":75}},"3":{"start":{"line":5,"column":0},"end":{"line":5,"column":92}},"4":{"start":{"line":6,"column":0},"end":{"line":6,"column":87}},"5":{"start":{"line":7,"column":0},"end":{"line":7,"column":77}},"6":{"start":{"line":10,"column":7},"end":{"line":29,"column":null}},"7":{"start":{"line":12,"column":21},"end":{"line":12,"column":37}},"8":{"start":{"line":13,"column":21},"end":{"line":13,"column":31}},"9":{"start":{"line":17,"column":17},"end":{"line":17,"column":67}},"10":{"start":{"line":18,"column":4},"end":{"line":20,"column":5}},"11":{"start":{"line":19,"column":6},"end":{"line":19,"column":54}},"12":{"start":{"line":22,"column":4},"end":{"line":24,"column":5}},"13":{"start":{"line":23,"column":6},"end":{"line":23,"column":38}},"14":{"start":{"line":26,"column":4},"end":{"line":26,"column":53}},"15":{"start":{"line":27,"column":4},"end":{"line":27,"column":74}},"16":{"start":{"line":10,"column":13},"end":{"line":10,"column":30}},"17":{"start":{"line":10,"column":13},"end":{"line":29,"column":null}}},"fnMap":{"0":{"name":"(anonymous_2)","decl":{"start":{"line":11,"column":2},"end":{"line":11,"column":null}},"loc":{"start":{"line":13,"column":40},"end":{"line":14,"column":6}}},"1":{"name":"(anonymous_3)","decl":{"start":{"line":16,"column":2},"end":{"line":16,"column":7}},"loc":{"start":{"line":16,"column":42},"end":{"line":28,"column":3}}}},"branchMap":{"0":{"loc":{"start":{"line":18,"column":4},"end":{"line":20,"column":5}},"type":"if","locations":[{"start":{"line":18,"column":4},"end":{"line":20,"column":5}},{"start":{},"end":{}}]},"1":{"loc":{"start":{"line":22,"column":4},"end":{"line":24,"column":5}},"type":"if","locations":[{"start":{"line":22,"column":4},"end":{"line":24,"column":5}},{"start":{},"end":{}}]},"2":{"loc":{"start":{"line":12,"column":37},"end":{"line":12,"column":null}},"type":"cond-expr","locations":[{"start":{"line":12,"column":52},"end":{"line":12,"column":null}},{"start":{"line":12,"column":52},"end":{"line":12,"column":null}}]},"3":{"loc":{"start":{"line":12,"column":37},"end":{"line":12,"column":52}},"type":"binary-expr","locations":[{"start":{"line":12,"column":37},"end":{"line":12,"column":null}},{"start":{"line":12,"column":37},"end":{"line":12,"column":52}}]},"4":{"loc":{"start":{"line":12,"column":52},"end":{"line":13,"column":null}},"type":"cond-expr","locations":[{"start":{"line":13,"column":40},"end":{"line":13,"column":null}},{"start":{"line":13,"column":40},"end":{"line":13,"column":null}}]},"5":{"loc":{"start":{"line":12,"column":52},"end":{"line":13,"column":40}},"type":"binary-expr","locations":[{"start":{"line":12,"column":52},"end":{"line":13,"column":null}},{"start":{"line":13,"column":31},"end":{"line":13,"column":40}}]}},"s":{"0":1,"1":1,"2":1,"3":1,"4":1,"5":1,"6":1,"7":4,"8":4,"9":4,"10":4,"11":1,"12":3,"13":1,"14":2,"15":2,"16":1,"17":1},"f":{"0":4,"1":4},"b":{"0":[1,3],"1":[1,2],"2":[0,1],"3":[1,0],"4":[0,1],"5":[1,0]}}
,"/home/kardasch/Desktop/gamingzone-auth/src/application/use-cases/commands/remove-permissions.command.ts": {"path":"/home/kardasch/Desktop/gamingzone-auth/src/application/use-cases/commands/remove-permissions.command.ts","statementMap":{"0":{"start":{"line":3,"column":20},"end":{"line":3,"column":34}},"1":{"start":{"line":4,"column":20},"end":{"line":4,"column":43}},"2":{"start":{"line":1,"column":0},"end":{"line":1,"column":13}}},"fnMap":{"0":{"name":"(anonymous_0)","decl":{"start":{"line":2,"column":2},"end":{"line":2,"column":null}},"loc":{"start":{"line":4,"column":43},"end":{"line":5,"column":6}}}},"branchMap":{},"s":{"0":5,"1":5,"2":1},"f":{"0":5},"b":{}}
,"/home/kardasch/Desktop/gamingzone-auth/src/application/use-cases/commands/remove-permissions.use-case.ts": {"path":"/home/kardasch/Desktop/gamingzone-auth/src/application/use-cases/commands/remove-permissions.use-case.ts","statementMap":{"0":{"start":{"line":1,"column":0},"end":{"line":1,"column":44}},"1":{"start":{"line":3,"column":0},"end":{"line":3,"column":87}},"2":{"start":{"line":4,"column":0},"end":{"line":4,"column":108}},"3":{"start":{"line":5,"column":0},"end":{"line":5,"column":75}},"4":{"start":{"line":6,"column":0},"end":{"line":6,"column":92}},"5":{"start":{"line":7,"column":0},"end":{"line":7,"column":91}},"6":{"start":{"line":10,"column":7},"end":{"line":29,"column":null}},"7":{"start":{"line":12,"column":21},"end":{"line":12,"column":37}},"8":{"start":{"line":13,"column":21},"end":{"line":13,"column":47}},"9":{"start":{"line":14,"column":21},"end":{"line":14,"column":31}},"10":{"start":{"line":18,"column":17},"end":{"line":18,"column":67}},"11":{"start":{"line":19,"column":4},"end":{"line":21,"column":5}},"12":{"start":{"line":20,"column":6},"end":{"line":20,"column":54}},"13":{"start":{"line":23,"column":4},"end":{"line":26,"column":6}},"14":{"start":{"line":27,"column":4},"end":{"line":27,"column":100}},"15":{"start":{"line":10,"column":13},"end":{"line":10,"column":37}},"16":{"start":{"line":10,"column":13},"end":{"line":29,"column":null}}},"fnMap":{"0":{"name":"(anonymous_2)","decl":{"start":{"line":11,"column":2},"end":{"line":11,"column":null}},"loc":{"start":{"line":14,"column":40},"end":{"line":15,"column":6}}},"1":{"name":"(anonymous_3)","decl":{"start":{"line":17,"column":2},"end":{"line":17,"column":7}},"loc":{"start":{"line":17,"column":49},"end":{"line":28,"column":3}}}},"branchMap":{"0":{"loc":{"start":{"line":19,"column":4},"end":{"line":21,"column":5}},"type":"if","locations":[{"start":{"line":19,"column":4},"end":{"line":21,"column":5}},{"start":{},"end":{}}]},"1":{"loc":{"start":{"line":12,"column":37},"end":{"line":12,"column":null}},"type":"cond-expr","locations":[{"start":{"line":12,"column":52},"end":{"line":12,"column":null}},{"start":{"line":12,"column":52},"end":{"line":12,"column":null}}]},"2":{"loc":{"start":{"line":12,"column":37},"end":{"line":12,"column":52}},"type":"binary-expr","locations":[{"start":{"line":12,"column":37},"end":{"line":12,"column":null}},{"start":{"line":12,"column":37},"end":{"line":12,"column":52}}]},"3":{"loc":{"start":{"line":12,"column":52},"end":{"line":13,"column":null}},"type":"cond-expr","locations":[{"start":{"line":13,"column":72},"end":{"line":13,"column":null}},{"start":{"line":13,"column":72},"end":{"line":13,"column":null}}]},"4":{"loc":{"start":{"line":12,"column":52},"end":{"line":13,"column":72}},"type":"binary-expr","locations":[{"start":{"line":12,"column":52},"end":{"line":13,"column":null}},{"start":{"line":13,"column":47},"end":{"line":13,"column":72}}]},"5":{"loc":{"start":{"line":13,"column":72},"end":{"line":14,"column":null}},"type":"cond-expr","locations":[{"start":{"line":14,"column":40},"end":{"line":14,"column":null}},{"start":{"line":14,"column":40},"end":{"line":14,"column":null}}]},"6":{"loc":{"start":{"line":13,"column":72},"end":{"line":14,"column":40}},"type":"binary-expr","locations":[{"start":{"line":13,"column":72},"end":{"line":14,"column":null}},{"start":{"line":14,"column":31},"end":{"line":14,"column":40}}]}},"s":{"0":1,"1":1,"2":1,"3":1,"4":1,"5":1,"6":1,"7":5,"8":5,"9":5,"10":5,"11":5,"12":1,"13":4,"14":4,"15":1,"16":1},"f":{"0":5,"1":5},"b":{"0":[1,4],"1":[0,1],"2":[1,0],"3":[0,1],"4":[1,0],"5":[0,1],"6":[1,0]}}
,"/home/kardasch/Desktop/gamingzone-auth/src/application/use-cases/commands/update-role.command.ts": {"path":"/home/kardasch/Desktop/gamingzone-auth/src/application/use-cases/commands/update-role.command.ts","statementMap":{"0":{"start":{"line":3,"column":20},"end":{"line":3,"column":34}},"1":{"start":{"line":4,"column":20},"end":{"line":4,"column":33}},"2":{"start":{"line":5,"column":20},"end":{"line":5,"column":40}},"3":{"start":{"line":1,"column":0},"end":{"line":1,"column":13}}},"fnMap":{"0":{"name":"(anonymous_0)","decl":{"start":{"line":2,"column":2},"end":{"line":2,"column":null}},"loc":{"start":{"line":5,"column":40},"end":{"line":6,"column":6}}}},"branchMap":{},"s":{"0":5,"1":5,"2":5,"3":1},"f":{"0":5},"b":{}}
,"/home/kardasch/Desktop/gamingzone-auth/src/application/use-cases/commands/update-role.use-case.ts": {"path":"/home/kardasch/Desktop/gamingzone-auth/src/application/use-cases/commands/update-role.use-case.ts","statementMap":{"0":{"start":{"line":1,"column":0},"end":{"line":1,"column":44}},"1":{"start":{"line":3,"column":0},"end":{"line":3,"column":71}},"2":{"start":{"line":4,"column":0},"end":{"line":4,"column":87}},"3":{"start":{"line":5,"column":0},"end":{"line":5,"column":75}},"4":{"start":{"line":6,"column":0},"end":{"line":6,"column":92}},"5":{"start":{"line":7,"column":0},"end":{"line":7,"column":87}},"6":{"start":{"line":8,"column":0},"end":{"line":8,"column":77}},"7":{"start":{"line":11,"column":7},"end":{"line":37,"column":null}},"8":{"start":{"line":13,"column":21},"end":{"line":13,"column":37}},"9":{"start":{"line":14,"column":21},"end":{"line":14,"column":31}},"10":{"start":{"line":18,"column":17},"end":{"line":18,"column":67}},"11":{"start":{"line":19,"column":4},"end":{"line":21,"column":5}},"12":{"start":{"line":20,"column":6},"end":{"line":20,"column":54}},"13":{"start":{"line":23,"column":4},"end":{"line":25,"column":5}},"14":{"start":{"line":24,"column":6},"end":{"line":24,"column":38}},"15":{"start":{"line":27,"column":61},"end":{"line":27,"column":63}},"16":{"start":{"line":28,"column":4},"end":{"line":28,"column":64}},"17":{"start":{"line":28,"column":36},"end":{"line":28,"column":64}},"18":{"start":{"line":29,"column":4},"end":{"line":29,"column":85}},"19":{"start":{"line":29,"column":43},"end":{"line":29,"column":85}},"20":{"start":{"line":31,"column":4},"end":{"line":31,"column":51}},"21":{"start":{"line":32,"column":4},"end":{"line":32,"column":43}},"22":{"start":{"line":33,"column":4},"end":{"line":33,"column":72}},"23":{"start":{"line":35,"column":4},"end":{"line":35,"column":44}},"24":{"start":{"line":11,"column":13},"end":{"line":11,"column":30}},"25":{"start":{"line":11,"column":13},"end":{"line":37,"column":null}}},"fnMap":{"0":{"name":"(anonymous_2)","decl":{"start":{"line":12,"column":2},"end":{"line":12,"column":null}},"loc":{"start":{"line":14,"column":40},"end":{"line":15,"column":6}}},"1":{"name":"(anonymous_3)","decl":{"start":{"line":17,"column":2},"end":{"line":17,"column":7}},"loc":{"start":{"line":17,"column":42},"end":{"line":36,"column":3}}}},"branchMap":{"0":{"loc":{"start":{"line":19,"column":4},"end":{"line":21,"column":5}},"type":"if","locations":[{"start":{"line":19,"column":4},"end":{"line":21,"column":5}},{"start":{},"end":{}}]},"1":{"loc":{"start":{"line":23,"column":4},"end":{"line":25,"column":5}},"type":"if","locations":[{"start":{"line":23,"column":4},"end":{"line":25,"column":5}},{"start":{},"end":{}}]},"2":{"loc":{"start":{"line":28,"column":4},"end":{"line":28,"column":64}},"type":"if","locations":[{"start":{"line":28,"column":4},"end":{"line":28,"column":64}},{"start":{},"end":{}}]},"3":{"loc":{"start":{"line":29,"column":4},"end":{"line":29,"column":85}},"type":"if","locations":[{"start":{"line":29,"column":4},"end":{"line":29,"column":85}},{"start":{},"end":{}}]},"4":{"loc":{"start":{"line":13,"column":37},"end":{"line":13,"column":null}},"type":"cond-expr","locations":[{"start":{"line":13,"column":52},"end":{"line":13,"column":null}},{"start":{"line":13,"column":52},"end":{"line":13,"column":null}}]},"5":{"loc":{"start":{"line":13,"column":37},"end":{"line":13,"column":52}},"type":"binary-expr","locations":[{"start":{"line":13,"column":37},"end":{"line":13,"column":null}},{"start":{"line":13,"column":37},"end":{"line":13,"column":52}}]},"6":{"loc":{"start":{"line":13,"column":52},"end":{"line":14,"column":null}},"type":"cond-expr","locations":[{"start":{"line":14,"column":40},"end":{"line":14,"column":null}},{"start":{"line":14,"column":40},"end":{"line":14,"column":null}}]},"7":{"loc":{"start":{"line":13,"column":52},"end":{"line":14,"column":40}},"type":"binary-expr","locations":[{"start":{"line":13,"column":52},"end":{"line":14,"column":null}},{"start":{"line":14,"column":31},"end":{"line":14,"column":40}}]}},"s":{"0":1,"1":1,"2":1,"3":1,"4":1,"5":1,"6":1,"7":1,"8":5,"9":5,"10":5,"11":5,"12":1,"13":4,"14":1,"15":3,"16":3,"17":2,"18":3,"19":2,"20":3,"21":3,"22":3,"23":3,"24":1,"25":1},"f":{"0":5,"1":5},"b":{"0":[1,4],"1":[1,3],"2":[2,1],"3":[2,1],"4":[0,1],"5":[1,0],"6":[0,1],"7":[1,0]}}
}
