TN:
SF:src/application/use-cases/commands/assign-permissions.command.ts
FN:2,(anonymous_0)
FNF:1
FNH:1
FNDA:4,(anonymous_0)
DA:1,1
DA:3,4
DA:4,4
LF:3
LH:3
BRF:0
BRH:0
end_of_record
TN:
SF:src/application/use-cases/commands/assign-permissions.use-case.ts
FN:11,(anonymous_2)
FN:17,(anonymous_3)
FNF:2
FNH:2
FNDA:4,(anonymous_2)
FNDA:4,(anonymous_3)
DA:1,1
DA:3,1
DA:4,1
DA:5,1
DA:6,1
DA:7,1
DA:10,1
DA:12,4
DA:13,4
DA:14,4
DA:18,4
DA:19,4
DA:20,1
DA:23,3
DA:27,3
LF:15
LH:15
BRDA:19,0,0,1
BRDA:19,0,1,3
BRDA:12,1,0,0
BRDA:12,1,1,1
BRDA:12,2,0,1
BRDA:12,2,1,0
BRDA:12,3,0,0
BRDA:12,3,1,1
BRDA:12,4,0,1
BRDA:12,4,1,0
BRDA:13,5,0,0
BRDA:13,5,1,1
BRDA:13,6,0,1
BRDA:13,6,1,0
BRF:14
BRH:8
end_of_record
TN:
SF:src/application/use-cases/commands/create-role.command.ts
FN:2,(anonymous_0)
FNF:1
FNH:1
FNDA:3,(anonymous_0)
DA:1,1
DA:3,3
DA:4,3
DA:5,3
LF:4
LH:4
BRDA:5,0,0,1
BRF:1
BRH:1
end_of_record
TN:
SF:src/application/use-cases/commands/create-role.use-case.ts
FN:12,(anonymous_2)
FN:17,(anonymous_3)
FNF:2
FNH:2
FNDA:3,(anonymous_2)
FNDA:3,(anonymous_3)
DA:1,1
DA:3,1
DA:4,1
DA:5,1
DA:6,1
DA:7,1
DA:8,1
DA:11,1
DA:13,3
DA:14,3
DA:18,3
DA:25,3
DA:26,3
DA:28,3
LF:14
LH:14
BRDA:13,0,0,0
BRDA:13,0,1,1
BRDA:13,1,0,1
BRDA:13,1,1,0
BRDA:13,2,0,0
BRDA:13,2,1,1
BRDA:13,3,0,1
BRDA:13,3,1,0
BRF:8
BRH:4
end_of_record
TN:
SF:src/application/use-cases/commands/delete-role.command.ts
FN:2,(anonymous_0)
FNF:1
FNH:1
FNDA:4,(anonymous_0)
DA:1,1
DA:2,4
LF:2
LH:2
BRF:0
BRH:0
end_of_record
TN:
SF:src/application/use-cases/commands/delete-role.use-case.ts
FN:11,(anonymous_2)
FN:16,(anonymous_3)
FNF:2
FNH:2
FNDA:4,(anonymous_2)
FNDA:4,(anonymous_3)
DA:1,1
DA:3,1
DA:4,1
DA:5,1
DA:6,1
DA:7,1
DA:10,1
DA:12,4
DA:13,4
DA:17,4
DA:18,4
DA:19,1
DA:22,3
DA:23,1
DA:26,2
DA:27,2
LF:16
LH:16
BRDA:18,0,0,1
BRDA:18,0,1,3
BRDA:22,1,0,1
BRDA:22,1,1,2
BRDA:12,2,0,0
BRDA:12,2,1,1
BRDA:12,3,0,1
BRDA:12,3,1,0
BRDA:12,4,0,0
BRDA:12,4,1,1
BRDA:12,5,0,1
BRDA:12,5,1,0
BRF:12
BRH:8
end_of_record
TN:
SF:src/application/use-cases/commands/remove-permissions.command.ts
FN:2,(anonymous_0)
FNF:1
FNH:1
FNDA:5,(anonymous_0)
DA:1,1
DA:3,5
DA:4,5
LF:3
LH:3
BRF:0
BRH:0
end_of_record
TN:
SF:src/application/use-cases/commands/remove-permissions.use-case.ts
FN:11,(anonymous_2)
FN:17,(anonymous_3)
FNF:2
FNH:2
FNDA:5,(anonymous_2)
FNDA:5,(anonymous_3)
DA:1,1
DA:3,1
DA:4,1
DA:5,1
DA:6,1
DA:7,1
DA:10,1
DA:12,5
DA:13,5
DA:14,5
DA:18,5
DA:19,5
DA:20,1
DA:23,4
DA:27,4
LF:15
LH:15
BRDA:19,0,0,1
BRDA:19,0,1,4
BRDA:12,1,0,0
BRDA:12,1,1,1
BRDA:12,2,0,1
BRDA:12,2,1,0
BRDA:12,3,0,0
BRDA:12,3,1,1
BRDA:12,4,0,1
BRDA:12,4,1,0
BRDA:13,5,0,0
BRDA:13,5,1,1
BRDA:13,6,0,1
BRDA:13,6,1,0
BRF:14
BRH:8
end_of_record
TN:
SF:src/application/use-cases/commands/update-role.command.ts
FN:2,(anonymous_0)
FNF:1
FNH:1
FNDA:5,(anonymous_0)
DA:1,1
DA:3,5
DA:4,5
DA:5,5
LF:4
LH:4
BRF:0
BRH:0
end_of_record
TN:
SF:src/application/use-cases/commands/update-role.use-case.ts
FN:12,(anonymous_2)
FN:17,(anonymous_3)
FNF:2
FNH:2
FNDA:5,(anonymous_2)
FNDA:5,(anonymous_3)
DA:1,1
DA:3,1
DA:4,1
DA:5,1
DA:6,1
DA:7,1
DA:8,1
DA:11,1
DA:13,5
DA:14,5
DA:18,5
DA:19,5
DA:20,1
DA:23,4
DA:24,1
DA:27,3
DA:28,3
DA:29,3
DA:31,3
DA:32,3
DA:33,3
DA:35,3
LF:22
LH:22
BRDA:19,0,0,1
BRDA:19,0,1,4
BRDA:23,1,0,1
BRDA:23,1,1,3
BRDA:28,2,0,2
BRDA:28,2,1,1
BRDA:29,3,0,2
BRDA:29,3,1,1
BRDA:13,4,0,0
BRDA:13,4,1,1
BRDA:13,5,0,1
BRDA:13,5,1,0
BRDA:13,6,0,0
BRDA:13,6,1,1
BRDA:13,7,0,1
BRDA:13,7,1,0
BRF:16
BRH:12
end_of_record
